<?xml version="1.0" encoding="UTF-8"?>
<testng-results skipped="0" failed="0" total="1" passed="1">
  <reporter-output>
  </reporter-output>
  <suite name="Default suite" duration-ms="3058" started-at="2013-04-09T08:53:16Z" finished-at="2013-04-09T08:53:19Z">
    <groups>
    </groups>
    <test name="Default test" duration-ms="3058" started-at="2013-04-09T08:53:16Z" finished-at="2013-04-09T08:53:19Z">
      <class name="common.dao.NewTest">
        <test-method status="PASS" signature="springTestContextBeforeTestClass()[pri:0, instance:common.dao.NewTest@30419d05]" name="springTestContextBeforeTestClass" is-config="true" duration-ms="15" started-at="2013-04-09T16:53:16Z" finished-at="2013-04-09T16:53:16Z">
          <reporter-output>
          </reporter-output>
        </test-method> <!-- springTestContextBeforeTestClass -->
        <test-method status="PASS" signature="springTestContextPrepareTestInstance()[pri:0, instance:common.dao.NewTest@30419d05]" name="springTestContextPrepareTestInstance" is-config="true" duration-ms="2592" started-at="2013-04-09T16:53:16Z" depends-on-methods="org.springframework.test.context.testng.AbstractTestNGSpringContextTests.springTestContextBeforeTestClass" finished-at="2013-04-09T16:53:19Z">
          <reporter-output>
          </reporter-output>
        </test-method> <!-- springTestContextPrepareTestInstance -->
        <test-method status="PASS" signature="beforeClass()[pri:0, instance:common.dao.NewTest@30419d05]" name="beforeClass" is-config="true" duration-ms="1" started-at="2013-04-09T16:53:19Z" finished-at="2013-04-09T16:53:19Z">
          <reporter-output>
          </reporter-output>
        </test-method> <!-- beforeClass -->
        <test-method status="PASS" signature="springTestContextBeforeTestMethod(java.lang.reflect.Method)[pri:0, instance:common.dao.NewTest@30419d05]" name="springTestContextBeforeTestMethod" is-config="true" duration-ms="409" started-at="2013-04-09T16:53:19Z" finished-at="2013-04-09T16:53:19Z">
          <params>
            <param index="0">
              <value>
                <![CDATA[public void common.dao.NewTest.f()]]>
              </value>
            </param>
          </params>
          <reporter-output>
          </reporter-output>
        </test-method> <!-- springTestContextBeforeTestMethod -->
        <test-method status="PASS" signature="f()[pri:0, instance:common.dao.NewTest@30419d05]" name="f" duration-ms="8" started-at="2013-04-09T16:53:19Z" finished-at="2013-04-09T16:53:19Z">
          <reporter-output>
          </reporter-output>
        </test-method> <!-- f -->
        <test-method status="PASS" signature="springTestContextAfterTestMethod(java.lang.reflect.Method)[pri:0, instance:common.dao.NewTest@30419d05]" name="springTestContextAfterTestMethod" is-config="true" duration-ms="10" started-at="2013-04-09T16:53:19Z" finished-at="2013-04-09T16:53:19Z">
          <params>
            <param index="0">
              <value>
                <![CDATA[public void common.dao.NewTest.f()]]>
              </value>
            </param>
          </params>
          <reporter-output>
          </reporter-output>
        </test-method> <!-- springTestContextAfterTestMethod -->
        <test-method status="PASS" signature="afterClass()[pri:0, instance:common.dao.NewTest@30419d05]" name="afterClass" is-config="true" duration-ms="1" started-at="2013-04-09T16:53:19Z" finished-at="2013-04-09T16:53:19Z">
          <reporter-output>
          </reporter-output>
        </test-method> <!-- afterClass -->
        <test-method status="PASS" signature="springTestContextAfterTestClass()[pri:0, instance:common.dao.NewTest@30419d05]" name="springTestContextAfterTestClass" is-config="true" duration-ms="0" started-at="2013-04-09T16:53:19Z" finished-at="2013-04-09T16:53:19Z">
          <reporter-output>
          </reporter-output>
        </test-method> <!-- springTestContextAfterTestClass -->
      </class> <!-- common.dao.NewTest -->
    </test> <!-- Default test -->
  </suite> <!-- Default suite -->
</testng-results>
